<?xml version="1.0" encoding="UTF-8"?>
<!-- Generated by org.testng.reporters.JUnitXMLReporter -->
<testsuite hostname="Jonathans-MBP" ignored="0" tests="5" failures="0" timestamp="2020-11-02T22:13:04 CST" time="13.742" errors="0">
  <testcase name="GetRandomNameAuthTest" time="9.173" classname="ProyectoModulo3"/>
  <testcase name="GetRandomNamewnAuthTest" time="0.662" classname="ProyectoModulo3"/>
  <testcase name="PutNameTest" time="0.571" classname="ProyectoModulo3"/>
  <testcase name="SameNameTest" time="1.158" classname="ProyectoModulo3"/>
  <testcase name="StatusTest" time="0.53" classname="ProyectoModulo3"/>
</testsuite>
