<?xml version="1.0" encoding="UTF-8"?>
<testng-results skipped="0" failed="0" ignored="0" total="1" passed="1">
  <reporter-output>
  </reporter-output>
  <suite name="localhost" duration-ms="5005" started-at="2020-11-02T20:06:42 CST" finished-at="2020-11-02T20:06:47 CST">
    <groups>
    </groups>
    <test name="Regression" duration-ms="5005" started-at="2020-11-02T20:06:42 CST" finished-at="2020-11-02T20:06:47 CST">
      <class name="PingTests">
        <test-method status="PASS" signature="SetupRestAssured(java.lang.String)[pri:0, instance:PingTests@5cb9f472]" name="SetupRestAssured" is-config="true" duration-ms="577" started-at="2020-11-02T20:06:42 CST" finished-at="2020-11-02T20:06:43 CST">
          <params>
            <param index="0">
              <value>
                <![CDATA[https://api-coffee-testing.herokuapp.com/]]>
              </value>
            </param>
          </params>
          <reporter-output>
          </reporter-output>
        </test-method> <!-- SetupRestAssured -->
        <test-method status="PASS" signature="before()[pri:0, instance:PingTests@5cb9f472]" name="before" is-config="true" duration-ms="212" started-at="2020-11-02T20:06:43 CST" finished-at="2020-11-02T20:06:43 CST">
          <reporter-output>
          </reporter-output>
        </test-method> <!-- before -->
        <test-method status="PASS" signature="Ping_Test()[pri:0, instance:PingTests@5cb9f472]" name="Ping_Test" duration-ms="4164" started-at="2020-11-02T20:06:43 CST" finished-at="2020-11-02T20:06:47 CST">
          <reporter-output>
          </reporter-output>
        </test-method> <!-- Ping_Test -->
      </class> <!-- PingTests -->
    </test> <!-- Regression -->
  </suite> <!-- localhost -->
</testng-results>
